#
# There is insufficient memory for the Java Runtime Environment to continue.
# Native memory allocation (malloc) failed to allocate 1057136 bytes for Chunk::new
# Possible reasons:
#   The system is out of physical RAM or swap space
#   The process is running with CompressedOops enabled, and the Java Heap may be blocking the growth of the native heap
# Possible solutions:
#   Reduce memory load on the system
#   Increase physical memory or swap space
#   Check if swap backing store is full
#   Decrease Java heap size (-Xmx/-Xms)
#   Decrease number of Java threads
#   Decrease Java thread stack sizes (-Xss)
#   Set larger code cache with -XX:ReservedCodeCacheSize=
#   JVM is running with Unscaled Compressed Oops mode in which the Java heap is
#     placed in the first 4GB address space. The Java Heap base address is the
#     maximum limit for the native heap growth. Please use -XX:HeapBaseMinAddress
#     to set the Java Heap base and to place the Java Heap above 4GB virtual address.
# This output file may be truncated or incomplete.
#
#  Out of Memory Error (allocation.cpp:389), pid=17464, tid=0x00000000000045d0
#
# JRE version: OpenJDK Runtime Environment (8.0_242-b01) (build 1.8.0_242-release-1644-b01)
# Java VM: OpenJDK 64-Bit Server VM (25.242-b01 mixed mode windows-amd64 compressed oops)
# Failed to write core dump. Minidumps are not enabled by default on client versions of Windows
#

---------------  T H R E A D  ---------------

Current thread (0x0000000018369000):  JavaThread "C2 CompilerThread1" daemon [_thread_in_native, id=17872, stack(0x0000000018d40000,0x0000000018e40000)]

Stack: [0x0000000018d40000,0x0000000018e40000]
[error occurred during error reporting (printing stack bounds), id 0xc0000005]

Native frames: (J=compiled Java code, j=interpreted, Vv=VM code, C=native code)


Current CompileTask:
C2: 636521 18924   !   4       java.io.ObjectInputStream::readSerialData (367 bytes)


---------------  P R O C E S S  ---------------

Java Threads: ( => current thread )
  0x0000000025e5f000 JavaThread "stdout" [_thread_in_native, id=15648, stack(0x000000002eea0000,0x000000002efa0000)]
  0x0000000025e63800 JavaThread "stderr" [_thread_in_native, id=11300, stack(0x000000002eda0000,0x000000002eea0000)]
  0x0000000025e64800 JavaThread "stdout" [_thread_in_native, id=10332, stack(0x000000002eca0000,0x000000002eda0000)]
  0x0000000025e60000 JavaThread "stderr" [_thread_in_native, id=7144, stack(0x000000002e350000,0x000000002e450000)]
  0x0000000025e5d000 JavaThread "stdout" [_thread_in_native, id=14920, stack(0x000000002eba0000,0x000000002eca0000)]
  0x0000000025e5c000 JavaThread "stderr" [_thread_in_native, id=16468, stack(0x000000002eaa0000,0x000000002eba0000)]
  0x0000000025e60800 JavaThread "WorkerExecutor Queue Thread 8" [_thread_blocked, id=3904, stack(0x000000002e9a0000,0x000000002eaa0000)]
  0x0000000025e5d800 JavaThread "WorkerExecutor Queue Thread 7" [_thread_blocked, id=11724, stack(0x000000002e8a0000,0x000000002e9a0000)]
  0x0000000025e63000 JavaThread "stdout" [_thread_in_native, id=12080, stack(0x000000002e7a0000,0x000000002e8a0000)]
  0x0000000025e62000 JavaThread "stderr" [_thread_in_native, id=5892, stack(0x000000002e6a0000,0x000000002e7a0000)]
  0x000000001d938000 JavaThread "WorkerExecutor Queue Thread 6" [_thread_blocked, id=17252, stack(0x000000002e5a0000,0x000000002e6a0000)]
  0x000000001d935000 JavaThread "WorkerExecutor Queue Thread 5" [_thread_blocked, id=13732, stack(0x000000002e4a0000,0x000000002e5a0000)]
  0x000000001acaf800 JavaThread "WorkerExecutor Queue Thread 4" [_thread_blocked, id=11696, stack(0x000000002df10000,0x000000002e010000)]
  0x000000001acae000 JavaThread "WorkerExecutor Queue Thread 3" [_thread_blocked, id=144, stack(0x000000002e250000,0x000000002e350000)]
  0x000000001acac800 JavaThread "WorkerExecutor Queue Thread 2" [_thread_blocked, id=12332, stack(0x000000002e150000,0x000000002e250000)]
  0x0000000019fc9800 JavaThread "WorkerExecutor Queue" [_thread_blocked, id=14344, stack(0x000000002e050000,0x000000002e150000)]
  0x0000000019fc0800 JavaThread "stdout" [_thread_in_native, id=15024, stack(0x000000002de10000,0x000000002df10000)]
  0x0000000019fc5000 JavaThread "stderr" [_thread_in_native, id=14260, stack(0x000000002dd10000,0x000000002de10000)]
  0x0000000019fc4000 JavaThread "stdout" [_thread_in_native, id=9936, stack(0x000000002ac70000,0x000000002ad70000)]
  0x0000000019fc1000 JavaThread "stderr" [_thread_in_native, id=9104, stack(0x000000002ab70000,0x000000002ac70000)]
  0x0000000019fbc000 JavaThread "stdout" [_thread_in_native, id=4068, stack(0x000000002aa70000,0x000000002ab70000)]
  0x0000000019fc2000 JavaThread "stderr" [_thread_in_native, id=18300, stack(0x000000002a970000,0x000000002aa70000)]
  0x0000000019fc2800 JavaThread "pool-7-thread-1" [_thread_blocked, id=11260, stack(0x000000002a870000,0x000000002a970000)]
  0x0000000019fbf800 JavaThread "Cache worker for execution history cache (G:\android\batrakhanovdkh_hw8\.gradle\5.6.4\executionHistory)" [_thread_blocked, id=3424, stack(0x000000002a2a0000,0x000000002a3a0000)]
  0x0000000019fbf000 JavaThread "Execution worker for ':' Thread 7" [_thread_blocked, id=11176, stack(0x000000002a1a0000,0x000000002a2a0000)]
  0x000000001ee9c000 JavaThread "Execution worker for ':' Thread 6" [_thread_blocked, id=15160, stack(0x00000000290d0000,0x00000000291d0000)]
  0x000000001ee97800 JavaThread "Execution worker for ':' Thread 5" [_thread_blocked, id=14612, stack(0x0000000028fd0000,0x00000000290d0000)]
  0x000000001ee9b000 JavaThread "Execution worker for ':' Thread 4" [_thread_in_vm, id=11972, stack(0x0000000028ed0000,0x0000000028fd0000)]
  0x000000001ee9a800 JavaThread "Execution worker for ':' Thread 3" [_thread_blocked, id=11948, stack(0x0000000028dd0000,0x0000000028ed0000)]
  0x000000001ee9d800 JavaThread "Execution worker for ':' Thread 2" [_thread_blocked, id=1068, stack(0x0000000028480000,0x0000000028580000)]
  0x000000001ee99800 JavaThread "Execution worker for ':'" [_thread_blocked, id=13460, stack(0x0000000028380000,0x0000000028480000)]
  0x000000001ee99000 JavaThread "RMI TCP Connection(5)-127.0.0.1" daemon [_thread_in_native, id=11464, stack(0x0000000027820000,0x0000000027920000)]
  0x000000001ee98000 JavaThread "Cache worker for file content cache (G:\android\batrakhanovdkh_hw8\.gradle\5.6.4\fileContent)" [_thread_blocked, id=8408, stack(0x0000000027520000,0x0000000027620000)]
  0x000000001ee96800 JavaThread "Cache worker for Build Output Cleanup Cache (G:\android\batrakhanovdkh_hw8\.gradle\buildOutputCleanup)" [_thread_blocked, id=3156, stack(0x0000000026d20000,0x0000000026e20000)]
  0x000000001ee8f000 JavaThread "Build operations Thread 8" [_thread_blocked, id=4076, stack(0x0000000026b20000,0x0000000026c20000)]
  0x000000001ee91800 JavaThread "Build operations Thread 7" [_thread_blocked, id=18208, stack(0x0000000024f30000,0x0000000025030000)]
  0x000000001ee8e800 JavaThread "Build operations Thread 6" [_thread_blocked, id=12440, stack(0x0000000024c30000,0x0000000024d30000)]
  0x000000001ee93800 JavaThread "Build operations Thread 5" [_thread_blocked, id=17748, stack(0x0000000024b30000,0x0000000024c30000)]
  0x000000001ee95000 JavaThread "Build operations Thread 4" [_thread_blocked, id=16500, stack(0x0000000024a30000,0x0000000024b30000)]
  0x000000001ee92000 JavaThread "Build operations Thread 3" [_thread_blocked, id=3344, stack(0x0000000024530000,0x0000000024630000)]
  0x000000001ee93000 JavaThread "Build operations Thread 2" [_thread_blocked, id=11240, stack(0x00000000231f0000,0x00000000232f0000)]
  0x000000001d93d000 JavaThread "Build operations" [_thread_blocked, id=18184, stack(0x00000000230f0000,0x00000000231f0000)]
  0x000000001d93b800 JavaThread "Cache worker for cache directory md-rule (C:\Users\dahy9\.gradle\caches\5.6.4\md-rule)" [_thread_blocked, id=12816, stack(0x0000000022ff0000,0x00000000230f0000)]
  0x000000001d93b000 JavaThread "Cache worker for cache directory md-supplier (C:\Users\dahy9\.gradle\caches\5.6.4\md-supplier)" [_thread_blocked, id=15084, stack(0x0000000021130000,0x0000000021230000)]
  0x000000001d93c800 JavaThread "Cache worker for file hash cache (G:\android\batrakhanovdkh_hw8\.gradle\5.6.4\fileHashes)" [_thread_blocked, id=8204, stack(0x000000001f710000,0x000000001f810000)]
  0x000000001d93a000 JavaThread "Thread-98" [_thread_blocked, id=14172, stack(0x000000001f410000,0x000000001f510000)]
  0x000000001d932800 JavaThread "Stdin handler" [_thread_blocked, id=16792, stack(0x000000001c970000,0x000000001ca70000)]
  0x000000001d939800 JavaThread "Asynchronous log dispatcher for DefaultDaemonConnection: socket connection from /127.0.0.1:63671 to /127.0.0.1:64518" [_thread_blocked, id=13400, stack(0x000000001c870000,0x000000001c970000)]
  0x000000001d933800 JavaThread "Daemon worker Thread 3" [_thread_blocked, id=8064, stack(0x000000001c770000,0x000000001c870000)]
  0x000000001d932000 JavaThread "Cancel handler" [_thread_blocked, id=7812, stack(0x000000001c470000,0x000000001c570000)]
  0x000000001d935800 JavaThread "Handler for socket connection from /127.0.0.1:63671 to /127.0.0.1:64518" [_thread_in_native, id=6956, stack(0x000000001c370000,0x000000001c470000)]
  0x000000001d937000 JavaThread "Daemon Thread 3" [_thread_blocked, id=1808, stack(0x0000000000920000,0x0000000000a20000)]
  0x000000001acb3000 JavaThread "Cache worker for Java compile cache (C:\Users\dahy9\.gradle\caches\5.6.4\javaCompile)" [_thread_blocked, id=11848, stack(0x0000000027420000,0x0000000027520000)]
  0x000000001d92f800 JavaThread "RMI Reaper" [_thread_blocked, id=8268, stack(0x0000000027020000,0x0000000027120000)]
  0x000000001d936800 JavaThread "RMI TCP Accept-0" daemon [_thread_in_native, id=8960, stack(0x0000000026f20000,0x0000000027020000)]
  0x000000001d92f000 JavaThread "GC Daemon" daemon [_thread_blocked, id=15000, stack(0x0000000026e20000,0x0000000026f20000)]
  0x000000001d92e000 JavaThread "RMI Scheduler(0)" daemon [_thread_blocked, id=15112, stack(0x0000000026c20000,0x0000000026d20000)]
  0x0000000019fc3800 JavaThread "Cache worker for file content cache (C:\Users\dahy9\.gradle\caches\5.6.4\fileContent)" [_thread_blocked, id=5864, stack(0x0000000024430000,0x0000000024530000)]
  0x0000000019fca000 JavaThread "Memory manager" [_thread_blocked, id=2216, stack(0x0000000024330000,0x0000000024430000)]
  0x0000000019fbe000 JavaThread "Cache worker for execution history cache (C:\Users\dahy9\.gradle\caches\5.6.4\executionHistory)" [_thread_blocked, id=17428, stack(0x00000000224f0000,0x00000000225f0000)]
  0x000000001acae800 JavaThread "Cache worker for journal cache (C:\Users\dahy9\.gradle\caches\journal-1)" [_thread_blocked, id=3876, stack(0x000000001d170000,0x000000001d270000)]
  0x000000001acad000 JavaThread "File lock request listener" [_thread_in_native, id=17212, stack(0x000000001d070000,0x000000001d170000)]
  0x000000001acb1800 JavaThread "Cache worker for file hash cache (C:\Users\dahy9\.gradle\caches\5.6.4\fileHashes)" [_thread_blocked, id=5728, stack(0x000000001cf70000,0x000000001d070000)]
  0x000000001ac82000 JavaThread "Daemon periodic checks" [_thread_blocked, id=10528, stack(0x000000001c270000,0x000000001c370000)]
  0x000000001ac7b800 JavaThread "Incoming local TCP Connector on port 63671" [_thread_in_native, id=14440, stack(0x000000001c020000,0x000000001c120000)]
  0x000000001aa40800 JavaThread "Daemon health stats" [_thread_blocked, id=15732, stack(0x000000001b9e0000,0x000000001bae0000)]
  0x0000000018402000 JavaThread "Service Thread" daemon [_thread_blocked, id=8904, stack(0x0000000019040000,0x0000000019140000)]
  0x00000000183cb000 JavaThread "C1 CompilerThread3" daemon [_thread_blocked, id=3960, stack(0x0000000018f40000,0x0000000019040000)]
  0x0000000018389000 JavaThread "C2 CompilerThread2" daemon [_thread_in_native, id=10788, stack(0x0000000018e40000,0x0000000018f40000)]
=>0x0000000018369000 JavaThread "C2 CompilerThread1" daemon [_thread_in_native, id=17872, stack(0x0000000018d40000,0x0000000018e40000)]
  0x0000000018365000 JavaThread "C2 CompilerThread0" daemon [_thread_in_native, id=9212, stack(0x0000000018c40000,0x0000000018d40000)]
  0x0000000018360000 JavaThread "Attach Listener" daemon [_thread_blocked, id=8720, stack(0x0000000018b40000,0x0000000018c40000)]
  0x000000001835f000 JavaThread "Signal Dispatcher" daemon [_thread_blocked, id=11700, stack(0x0000000018a40000,0x0000000018b40000)]
  0x0000000018351000 JavaThread "Finalizer" daemon [_thread_blocked, id=13356, stack(0x0000000018830000,0x0000000018930000)]
  0x0000000018350800 JavaThread "Reference Handler" daemon [_thread_blocked, id=12364, stack(0x0000000018730000,0x0000000018830000)]
  0x00000000026b2800 JavaThread "main" [_thread_blocked, id=9628, stack(0x00000000025b0000,0x00000000026b0000)]

Other Threads:
  0x0000000016566800 VMThread [stack: 0x0000000018230000,0x0000000018330000] [id=16020]
  0x0000000018402800 WatcherThread [stack: 0x0000000019140000,0x0000000019240000] [id=7540]

VM state:not at safepoint (normal execution)

VM Mutex/Monitor currently owned by a thread: None

heap address: 0x00000000a0000000, size: 1536 MB, Compressed Oops mode: 32-bit
Narrow klass base: 0x0000000000000000, Narrow klass shift: 3
Compressed class space size: 1073741824 Address: 0x0000000100000000

Heap:
 PSYoungGen      total 317440K, used 118873K [0x00000000e0000000, 0x00000000f8880000, 0x0000000100000000)
  eden space 281088K, 29% used [0x00000000e0000000,0x00000000e509df38,0x00000000f1280000)
  from space 36352K, 99% used [0x00000000f1280000,0x00000000f35f8758,0x00000000f3600000)
  to   space 43008K, 0% used [0x00000000f5e80000,0x00000000f5e80000,0x00000000f8880000)
 ParOldGen       total 190976K, used 58570K [0x00000000a0000000, 0x00000000aba80000, 0x00000000e0000000)
  object space 190976K, 30% used [0x00000000a0000000,0x00000000a3932a60,0x00000000aba80000)
 Metaspace       used 110489K, capacity 116014K, committed 116224K, reserved 1150976K
  class space    used 14451K, capacity 15498K, committed 15616K, reserved 1048576K

Card table byte_map: [0x0000000011b70000,0x0000000011e80000] byte_map_base: 0x0000000011670000

Marking Bits: (ParMarkBitMap*) 0x000000005f31f030
 Begin Bits: [0x0000000012880000, 0x0000000014080000)
 End Bits:   [0x0000000014080000, 0x0000000015880000)

Polling page: 0x0000000002440000

CodeCache: size=245760Kb used=51775Kb max_used=51775Kb free=193984Kb
 bounds [0x00000000027b0000, 0x0000000005a90000, 0x00000000117b0000]
 total_blobs=16762 nmethods=15788 adapters=885
 compilation: enabled

Compilation events (10 events):
Event: 636.499 Thread 0x00000000183cb000 19056       2       com.android.manifmerger.ManifestModel::fromXmlSimpleName (6 bytes)
Event: 636.500 Thread 0x00000000183cb000 nmethod 19056 0x0000000005a7f850 code [0x0000000005a7f9e0, 0x0000000005a7fca8]
Event: 636.501 Thread 0x00000000183cb000 19057       1       com.android.manifmerger.MergingReport$Builder::getActionRecorder (5 bytes)
Event: 636.501 Thread 0x00000000183cb000 nmethod 19057 0x0000000005a7ff50 code [0x0000000005a800a0, 0x0000000005a801b0]
Event: 636.501 Thread 0x00000000183cb000 19058       2       com.google.common.base.Ascii::isUpperCase (18 bytes)
Event: 636.501 Thread 0x00000000183cb000 nmethod 19058 0x0000000005a80210 code [0x0000000005a80360, 0x0000000005a804b0]
Event: 636.506 Thread 0x00000000183cb000 19060       2       com.android.builder.internal.aapt.v2.Aapt2DaemonImpl$WaitForTaskCompletion::err (312 bytes)
Event: 636.509 Thread 0x00000000183cb000 nmethod 19060 0x0000000005a80550 code [0x0000000005a808a0, 0x0000000005a81b48]
Event: 636.509 Thread 0x00000000183cb000 19061       2       com.sun.org.apache.xerces.internal.dom.CoreDocumentImpl::getDocumentElement (16 bytes)
Event: 636.509 Thread 0x00000000183cb000 nmethod 19061 0x0000000005a82bd0 code [0x0000000005a82d40, 0x0000000005a82ee8]

GC Heap History (10 events):
Event: 105.518 GC heap before
{Heap before GC invocations=19 (full 3):
 PSYoungGen      total 243712K, used 236800K [0x00000000e0000000, 0x00000000f3380000, 0x0000000100000000)
  eden space 216576K, 100% used [0x00000000e0000000,0x00000000ed380000,0x00000000ed380000)
  from space 27136K, 74% used [0x00000000ed380000,0x00000000ee740220,0x00000000eee00000)
  to   space 28672K, 0% used [0x00000000f1780000,0x00000000f1780000,0x00000000f3380000)
 ParOldGen       total 122368K, used 54286K [0x00000000a0000000, 0x00000000a7780000, 0x00000000e0000000)
  object space 122368K, 44% used [0x00000000a0000000,0x00000000a3503958,0x00000000a7780000)
 Metaspace       used 87866K, capacity 92320K, committed 92416K, reserved 1128448K
  class space    used 11885K, capacity 12769K, committed 12800K, reserved 1048576K
Event: 105.573 GC heap after
Heap after GC invocations=19 (full 3):
 PSYoungGen      total 276480K, used 28660K [0x00000000e0000000, 0x00000000f5280000, 0x0000000100000000)
  eden space 247808K, 0% used [0x00000000e0000000,0x00000000e0000000,0x00000000ef200000)
  from space 28672K, 99% used [0x00000000f1780000,0x00000000f337d080,0x00000000f3380000)
  to   space 38400K, 0% used [0x00000000ef200000,0x00000000ef200000,0x00000000f1780000)
 ParOldGen       total 122368K, used 67969K [0x00000000a0000000, 0x00000000a7780000, 0x00000000e0000000)
  object space 122368K, 55% used [0x00000000a0000000,0x00000000a42607e8,0x00000000a7780000)
 Metaspace       used 87866K, capacity 92320K, committed 92416K, reserved 1128448K
  class space    used 11885K, capacity 12769K, committed 12800K, reserved 1048576K
}
Event: 526.977 GC heap before
{Heap before GC invocations=20 (full 3):
 PSYoungGen      total 276480K, used 220035K [0x00000000e0000000, 0x00000000f5280000, 0x0000000100000000)
  eden space 247808K, 77% used [0x00000000e0000000,0x00000000ebae3df0,0x00000000ef200000)
  from space 28672K, 99% used [0x00000000f1780000,0x00000000f337d080,0x00000000f3380000)
  to   space 38400K, 0% used [0x00000000ef200000,0x00000000ef200000,0x00000000f1780000)
 ParOldGen       total 122368K, used 67969K [0x00000000a0000000, 0x00000000a7780000, 0x00000000e0000000)
  object space 122368K, 55% used [0x00000000a0000000,0x00000000a42607e8,0x00000000a7780000)
 Metaspace       used 93619K, capacity 98416K, committed 98496K, reserved 1134592K
  class space    used 12568K, capacity 13538K, committed 13568K, reserved 1048576K
Event: 527.114 GC heap after
Heap after GC invocations=20 (full 3):
 PSYoungGen      total 286208K, used 14594K [0x00000000e0000000, 0x00000000f5900000, 0x0000000100000000)
  eden space 247808K, 0% used [0x00000000e0000000,0x00000000e0000000,0x00000000ef200000)
  from space 38400K, 38% used [0x00000000ef200000,0x00000000f00408b8,0x00000000f1780000)
  to   space 35840K, 0% used [0x00000000f3600000,0x00000000f3600000,0x00000000f5900000)
 ParOldGen       total 122368K, used 81257K [0x00000000a0000000, 0x00000000a7780000, 0x00000000e0000000)
  object space 122368K, 66% used [0x00000000a0000000,0x00000000a4f5a6d0,0x00000000a7780000)
 Metaspace       used 93619K, capacity 98416K, committed 98496K, reserved 1134592K
  class space    used 12568K, capacity 13538K, committed 13568K, reserved 1048576K
}
Event: 527.114 GC heap before
{Heap before GC invocations=21 (full 4):
 PSYoungGen      total 286208K, used 14594K [0x00000000e0000000, 0x00000000f5900000, 0x0000000100000000)
  eden space 247808K, 0% used [0x00000000e0000000,0x00000000e0000000,0x00000000ef200000)
  from space 38400K, 38% used [0x00000000ef200000,0x00000000f00408b8,0x00000000f1780000)
  to   space 35840K, 0% used [0x00000000f3600000,0x00000000f3600000,0x00000000f5900000)
 ParOldGen       total 122368K, used 81257K [0x00000000a0000000, 0x00000000a7780000, 0x00000000e0000000)
  object space 122368K, 66% used [0x00000000a0000000,0x00000000a4f5a6d0,0x00000000a7780000)
 Metaspace       used 93619K, capacity 98416K, committed 98496K, reserved 1134592K
  class space    used 12568K, capacity 13538K, committed 13568K, reserved 1048576K
Event: 527.428 GC heap after
Heap after GC invocations=21 (full 4):
 PSYoungGen      total 286208K, used 0K [0x00000000e0000000, 0x00000000f5900000, 0x0000000100000000)
  eden space 247808K, 0% used [0x00000000e0000000,0x00000000e0000000,0x00000000ef200000)
  from space 38400K, 0% used [0x00000000ef200000,0x00000000ef200000,0x00000000f1780000)
  to   space 35840K, 0% used [0x00000000f3600000,0x00000000f3600000,0x00000000f5900000)
 ParOldGen       total 190976K, used 56314K [0x00000000a0000000, 0x00000000aba80000, 0x00000000e0000000)
  object space 190976K, 29% used [0x00000000a0000000,0x00000000a36feb38,0x00000000aba80000)
 Metaspace       used 93099K, capacity 97060K, committed 98496K, reserved 1134592K
  class space    used 12395K, capacity 13238K, committed 13568K, reserved 1048576K
}
Event: 531.952 GC heap before
{Heap before GC invocations=22 (full 4):
 PSYoungGen      total 286208K, used 247808K [0x00000000e0000000, 0x00000000f5900000, 0x0000000100000000)
  eden space 247808K, 100% used [0x00000000e0000000,0x00000000ef200000,0x00000000ef200000)
  from space 38400K, 0% used [0x00000000ef200000,0x00000000ef200000,0x00000000f1780000)
  to   space 35840K, 0% used [0x00000000f3600000,0x00000000f3600000,0x00000000f5900000)
 ParOldGen       total 190976K, used 56316K [0x00000000a0000000, 0x00000000aba80000, 0x00000000e0000000)
  object space 190976K, 29% used [0x00000000a0000000,0x00000000a36ff128,0x00000000aba80000)
 Metaspace       used 102782K, capacity 107496K, committed 108416K, reserved 1142784K
  class space    used 13562K, capacity 14450K, committed 14720K, reserved 1048576K
Event: 531.988 GC heap after
Heap after GC invocations=22 (full 4):
 PSYoungGen      total 316928K, used 22120K [0x00000000e0000000, 0x00000000f5c80000, 0x0000000100000000)
  eden space 281088K, 0% used [0x00000000e0000000,0x00000000e0000000,0x00000000f1280000)
  from space 35840K, 61% used [0x00000000f3600000,0x00000000f4b9a348,0x00000000f5900000)
  to   space 36352K, 0% used [0x00000000f1280000,0x00000000f1280000,0x00000000f3600000)
 ParOldGen       total 190976K, used 56324K [0x00000000a0000000, 0x00000000aba80000, 0x00000000e0000000)
  object space 190976K, 29% used [0x00000000a0000000,0x00000000a3701128,0x00000000aba80000)
 Metaspace       used 102782K, capacity 107496K, committed 108416K, reserved 1142784K
  class space    used 13562K, capacity 14450K, committed 14720K, reserved 1048576K
}
Event: 634.798 GC heap before
{Heap before GC invocations=23 (full 4):
 PSYoungGen      total 316928K, used 303208K [0x00000000e0000000, 0x00000000f5c80000, 0x0000000100000000)
  eden space 281088K, 100% used [0x00000000e0000000,0x00000000f1280000,0x00000000f1280000)
  from space 35840K, 61% used [0x00000000f3600000,0x00000000f4b9a348,0x00000000f5900000)
  to   space 36352K, 0% used [0x00000000f1280000,0x00000000f1280000,0x00000000f3600000)
 ParOldGen       total 190976K, used 56327K [0x00000000a0000000, 0x00000000aba80000, 0x00000000e0000000)
  object space 190976K, 29% used [0x00000000a0000000,0x00000000a3701df0,0x00000000aba80000)
 Metaspace       used 109446K, capacity 114890K, committed 115072K, reserved 1148928K
  class space    used 14349K, capacity 15378K, committed 15488K, reserved 1048576K
Event: 634.877 GC heap after
Heap after GC invocations=23 (full 4):
 PSYoungGen      total 317440K, used 36321K [0x00000000e0000000, 0x00000000f8880000, 0x0000000100000000)
  eden space 281088K, 0% used [0x00000000e0000000,0x00000000e0000000,0x00000000f1280000)
  from space 36352K, 99% used [0x00000000f1280000,0x00000000f35f8758,0x00000000f3600000)
  to   space 43008K, 0% used [0x00000000f5e80000,0x00000000f5e80000,0x00000000f8880000)
 ParOldGen       total 190976K, used 58570K [0x00000000a0000000, 0x00000000aba80000, 0x00000000e0000000)
  object space 190976K, 30% used [0x00000000a0000000,0x00000000a3932a60,0x00000000aba80000)
 Metaspace       used 109446K, capacity 114890K, committed 115072K, reserved 1148928K
  class space    used 14349K, capacity 15378K, committed 15488K, reserved 1048576K
}

Deoptimization events (10 events):
Event: 636.380 Thread 0x000000001ee9b000 Uncommon trap: reason=class_check action=maybe_recompile pc=0x0000000005955060 method=com.sun.org.apache.xerces.internal.dom.NamedNodeMapImpl.item(I)Lorg/w3c/dom/Node; @ 30
Event: 636.380 Thread 0x000000001ee9b000 Uncommon trap: reason=class_check action=maybe_recompile pc=0x0000000005955060 method=com.sun.org.apache.xerces.internal.dom.NamedNodeMapImpl.item(I)Lorg/w3c/dom/Node; @ 30
Event: 636.381 Thread 0x000000001ee9b000 Uncommon trap: reason=unstable_if action=reinterpret pc=0x00000000059fe1a0 method=com.sun.org.apache.xerces.internal.dom.AttrImpl.setValue(Ljava/lang/String;)V @ 74
Event: 636.386 Thread 0x000000001ee9b000 Uncommon trap: reason=unstable_if action=reinterpret pc=0x0000000005837fd8 method=com.sun.org.apache.xerces.internal.dom.NodeImpl.getOwnerDocument()Lorg/w3c/dom/Document; @ 4
Event: 636.386 Thread 0x000000001ee9b000 Uncommon trap: reason=bimorphic action=maybe_recompile pc=0x000000000598ec40 method=com.sun.org.apache.xerces.internal.dom.NodeImpl.getUserData(Ljava/lang/String;)Ljava/lang/Object; @ 1
Event: 636.388 Thread 0x000000001ee9b000 Uncommon trap: reason=bimorphic action=maybe_recompile pc=0x000000000598ec40 method=com.sun.org.apache.xerces.internal.dom.NodeImpl.getUserData(Ljava/lang/String;)Ljava/lang/Object; @ 1
Event: 636.388 Thread 0x000000001ee9b000 Uncommon trap: reason=bimorphic action=maybe_recompile pc=0x000000000598ec40 method=com.sun.org.apache.xerces.internal.dom.NodeImpl.getUserData(Ljava/lang/String;)Ljava/lang/Object; @ 1
Event: 636.388 Thread 0x000000001ee9b000 Uncommon trap: reason=bimorphic action=maybe_recompile pc=0x000000000598ec40 method=com.sun.org.apache.xerces.internal.dom.NodeImpl.getUserData(Ljava/lang/String;)Ljava/lang/Object; @ 1
Event: 636.448 Thread 0x000000001ee9b000 Uncommon trap: reason=unstable_if action=reinterpret pc=0x00000000059fcfac method=com.sun.org.apache.xerces.internal.dom.ParentNode.internalInsertBefore(Lorg/w3c/dom/Node;Lorg/w3c/dom/Node;Z)Lorg/w3c/dom/Node; @ 572
Event: 636.492 Thread 0x000000001ee9b000 Uncommon trap: reason=unstable_if action=reinterpret pc=0x0000000003e6eb74 method=java.util.HashMap.removeNode(ILjava/lang/Object;Ljava/lang/Object;ZZ)Ljava/util/HashMap$Node; @ 71

Classes redefined (0 events):
No events

Internal exceptions (10 events):
Event: 535.037 Thread 0x000000001ee91800 Exception <a 'java/lang/NoSuchMethodError': java.lang.Object.lambda$negate$1(Ljava/lang/Object;)Z> (0x00000000e68b5fa8) thrown at [C:\src\AOSP-openjdk-git\hotspot\src\share\vm\interpreter\linkResolver.cpp, line 620]
Event: 536.224 Thread 0x000000001ee91800 Exception <a 'sun/nio/fs/WindowsException'> (0x00000000e7b60100) thrown at [C:\src\AOSP-openjdk-git\hotspot\src\share\vm\prims\jni.cpp, line 710]
Event: 633.612 Thread 0x000000001ee9c000 Exception <a 'sun/nio/fs/WindowsException'> (0x00000000ecff3c30) thrown at [C:\src\AOSP-openjdk-git\hotspot\src\share\vm\prims\jni.cpp, line 710]
Event: 633.753 Thread 0x000000001ee9a800 Exception <a 'sun/nio/fs/WindowsException'> (0x00000000edf4b3a0) thrown at [C:\src\AOSP-openjdk-git\hotspot\src\share\vm\prims\jni.cpp, line 710]
Event: 634.180 Thread 0x000000001ee9b000 Exception <a 'sun/nio/fs/WindowsException'> (0x00000000ef51cc48) thrown at [C:\src\AOSP-openjdk-git\hotspot\src\share\vm\prims\jni.cpp, line 710]
Event: 635.531 Thread 0x000000001ee9c000 Implicit null exception at 0x0000000005980797 to 0x0000000005980b19
Event: 636.029 Thread 0x000000001ee9c000 Exception <a 'java/lang/NoSuchMethodError': <clinit>> (0x00000000e353b750) thrown at [C:\src\AOSP-openjdk-git\hotspot\src\share\vm\prims\jni.cpp, line 1615]
Event: 636.031 Thread 0x000000001ee9c000 Exception <a 'java/lang/NoSuchMethodError': <clinit>> (0x00000000e3556a70) thrown at [C:\src\AOSP-openjdk-git\hotspot\src\share\vm\prims\jni.cpp, line 1615]
Event: 636.031 Thread 0x000000001ee9c000 Exception <a 'java/lang/NoSuchMethodError': <clinit>> (0x00000000e355b880) thrown at [C:\src\AOSP-openjdk-git\hotspot\src\share\vm\prims\jni.cpp, line 1615]
Event: 636.032 Thread 0x000000001ee9c000 Exception <a 'java/lang/NoSuchMethodError': <clinit>> (0x00000000e356bef8) thrown at [C:\src\AOSP-openjdk-git\hotspot\src\share\vm\prims\jni.cpp, line 1615]

Events (10 events):
Event: 636.513 loading class com/android/ide/common/xml/XmlAttributeSortOrder$1
Event: 636.513 loading class com/android/ide/common/xml/XmlAttributeSortOrder$1 done
Event: 636.515 loading class com/android/ide/common/xml/XmlAttributeSortOrder$2
Event: 636.515 loading class com/android/ide/common/xml/XmlAttributeSortOrder$2 done
Event: 636.516 loading class com/android/ide/common/xml/XmlFormatStyle
Event: 636.516 loading class com/android/ide/common/xml/XmlFormatStyle done
Event: 636.517 loading class com/android/ide/common/xml/XmlPrettyPrinter
Event: 636.517 loading class com/android/ide/common/xml/XmlPrettyPrinter done
Event: 636.519 loading class com/android/ide/common/xml/XmlPrettyPrinter$ExitWithErrorStatusException
Event: 636.519 loading class com/android/ide/common/xml/XmlPrettyPrinter$ExitWithErrorStatusException done


Dynamic libraries:
0x00007ff678dd0000 - 0x00007ff678e01000 	C:\Program Files\Android\Android Studio\jre\bin\java.exe
0x00007ffaa74c0000 - 0x00007ffaa76b0000 	C:\WINDOWS\SYSTEM32\ntdll.dll
0x00007ffaa64b0000 - 0x00007ffaa6562000 	C:\WINDOWS\System32\KERNEL32.DLL
0x00007ffaa47a0000 - 0x00007ffaa4a44000 	C:\WINDOWS\System32\KERNELBASE.dll
0x00007ffaa5b10000 - 0x00007ffaa5bb3000 	C:\WINDOWS\System32\ADVAPI32.dll
0x00007ffaa6640000 - 0x00007ffaa66de000 	C:\WINDOWS\System32\msvcrt.dll
0x00007ffaa6fe0000 - 0x00007ffaa7077000 	C:\WINDOWS\System32\sechost.dll
0x00007ffaa5f00000 - 0x00007ffaa6020000 	C:\WINDOWS\System32\RPCRT4.dll
0x00007ffaa72e0000 - 0x00007ffaa7474000 	C:\WINDOWS\System32\USER32.dll
0x00007ffaa4670000 - 0x00007ffaa4691000 	C:\WINDOWS\System32\win32u.dll
0x00007ffaa6250000 - 0x00007ffaa6276000 	C:\WINDOWS\System32\GDI32.dll
0x00007ffaa4450000 - 0x00007ffaa45e4000 	C:\WINDOWS\System32\gdi32full.dll
0x00007ffaa52e0000 - 0x00007ffaa537e000 	C:\WINDOWS\System32\msvcp_win.dll
0x00007ffaa46a0000 - 0x00007ffaa479a000 	C:\WINDOWS\System32\ucrtbase.dll
0x00007ffa90100000 - 0x00007ffa90384000 	C:\WINDOWS\WinSxS\amd64_microsoft.windows.common-controls_6595b64144ccf1df_6.0.18362.836_none_e6c4b943130f18ed\COMCTL32.dll
0x00007ffaa5bc0000 - 0x00007ffaa5ef6000 	C:\WINDOWS\System32\combase.dll
0x00007ffaa45f0000 - 0x00007ffaa4670000 	C:\WINDOWS\System32\bcryptPrimitives.dll
0x00007ffaa70a0000 - 0x00007ffaa70ce000 	C:\WINDOWS\System32\IMM32.DLL
0x000000005c3e0000 - 0x000000005c4b2000 	C:\Program Files\Android\Android Studio\jre\jre\bin\msvcr100.dll
0x000000005eb50000 - 0x000000005f39b000 	C:\Program Files\Android\Android Studio\jre\jre\bin\server\jvm.dll
0x00007ffaa5a40000 - 0x00007ffaa5a48000 	C:\WINDOWS\System32\PSAPI.DLL
0x00007ffa99380000 - 0x00007ffa99389000 	C:\WINDOWS\SYSTEM32\WSOCK32.dll
0x00007ffaa2040000 - 0x00007ffaa2064000 	C:\WINDOWS\SYSTEM32\WINMM.dll
0x00007ffa9e300000 - 0x00007ffa9e30a000 	C:\WINDOWS\SYSTEM32\VERSION.dll
0x00007ffaa66e0000 - 0x00007ffaa674f000 	C:\WINDOWS\System32\WS2_32.dll
0x00007ffaa1f30000 - 0x00007ffaa1f5d000 	C:\WINDOWS\SYSTEM32\WINMMBASE.dll
0x00007ffaa5520000 - 0x00007ffaa556a000 	C:\WINDOWS\System32\cfgmgr32.dll
0x00007ffaa0910000 - 0x00007ffaa091f000 	C:\Program Files\Android\Android Studio\jre\jre\bin\verify.dll
0x00007ffa9d100000 - 0x00007ffa9d129000 	C:\Program Files\Android\Android Studio\jre\jre\bin\java.dll
0x00007ffa9f170000 - 0x00007ffa9f186000 	C:\Program Files\Android\Android Studio\jre\jre\bin\zip.dll
0x00007ffaa6750000 - 0x00007ffaa6e34000 	C:\WINDOWS\System32\SHELL32.dll
0x00007ffaa6f30000 - 0x00007ffaa6fd9000 	C:\WINDOWS\System32\shcore.dll
0x00007ffaa4b60000 - 0x00007ffaa52de000 	C:\WINDOWS\System32\windows.storage.dll
0x00007ffaa4400000 - 0x00007ffaa4423000 	C:\WINDOWS\System32\profapi.dll
0x00007ffaa4390000 - 0x00007ffaa43da000 	C:\WINDOWS\System32\powrprof.dll
0x00007ffaa4380000 - 0x00007ffaa4390000 	C:\WINDOWS\System32\UMPDC.dll
0x00007ffaa59e0000 - 0x00007ffaa5a32000 	C:\WINDOWS\System32\shlwapi.dll
0x00007ffaa43e0000 - 0x00007ffaa43f1000 	C:\WINDOWS\System32\kernel.appcore.dll
0x00007ffaa5500000 - 0x00007ffaa5517000 	C:\WINDOWS\System32\cryptsp.dll
0x00007ffa9d1e0000 - 0x00007ffa9d1fa000 	C:\Program Files\Android\Android Studio\jre\jre\bin\net.dll
0x00007ffaa3b90000 - 0x00007ffaa3bf7000 	C:\WINDOWS\system32\mswsock.dll
0x00007ffa9a300000 - 0x00007ffa9a313000 	C:\Program Files\Android\Android Studio\jre\jre\bin\nio.dll
0x00007ffa99740000 - 0x00007ffa99766000 	C:\Users\dahy9\.gradle\native\30\windows-amd64\native-platform.dll
0x00007ffaa08d0000 - 0x00007ffaa08dd000 	C:\Program Files\Android\Android Studio\jre\jre\bin\management.dll
0x00007ffaa3700000 - 0x00007ffaa3733000 	C:\WINDOWS\system32\rsaenh.dll
0x00007ffaa5380000 - 0x00007ffaa53a6000 	C:\WINDOWS\System32\bcrypt.dll
0x00007ffaa42a0000 - 0x00007ffaa42c5000 	C:\WINDOWS\SYSTEM32\USERENV.dll
0x00007ffaa3d60000 - 0x00007ffaa3d6c000 	C:\WINDOWS\SYSTEM32\CRYPTBASE.dll
0x00007ffaa38a0000 - 0x00007ffaa38da000 	C:\WINDOWS\SYSTEM32\IPHLPAPI.DLL
0x00007ffaa6030000 - 0x00007ffaa6038000 	C:\WINDOWS\System32\NSI.dll
0x00007ffaa0940000 - 0x00007ffaa0956000 	C:\WINDOWS\SYSTEM32\dhcpcsvc6.DLL
0x00007ffaa0920000 - 0x00007ffaa093c000 	C:\WINDOWS\SYSTEM32\dhcpcsvc.DLL
0x00007ffaa38e0000 - 0x00007ffaa39ab000 	C:\WINDOWS\SYSTEM32\DNSAPI.dll
0x00007ffa99b90000 - 0x00007ffa99bae000 	C:\Users\dahy9\AppData\Local\Temp\native-platform7591728715768987993dir\native-platform.dll
0x00007ffa9f1f0000 - 0x00007ffa9f214000 	C:\Program Files\Android\Android Studio\jre\jre\bin\sunec.dll
0x00007ffa9d780000 - 0x00007ffa9d78a000 	C:\Windows\System32\rasadhlp.dll
0x00007ffa9fa20000 - 0x00007ffa9fa97000 	C:\WINDOWS\System32\fwpuclnt.dll
0x00007ffaa07e0000 - 0x00007ffaa07eb000 	C:\Program Files\Android\Android Studio\jre\jre\bin\sunmscapi.dll
0x00007ffaa53b0000 - 0x00007ffaa54f9000 	C:\WINDOWS\System32\CRYPT32.dll
0x00007ffaa4430000 - 0x00007ffaa4442000 	C:\WINDOWS\System32\MSASN1.dll
0x00007ffaa33e0000 - 0x00007ffaa3411000 	C:\WINDOWS\SYSTEM32\ntmarta.dll

VM Arguments:
jvm_args: -Xmx1536m -Dfile.encoding=windows-1251 -Duser.country=RU -Duser.language=ru -Duser.variant 
java_command: org.gradle.launcher.daemon.bootstrap.GradleDaemon 5.6.4
java_class_path (initial): C:\Users\dahy9\.gradle\wrapper\dists\gradle-5.6.4-all\ankdp27end7byghfw1q2sw75f\gradle-5.6.4\lib\gradle-launcher-5.6.4.jar
Launcher Type: SUN_STANDARD

Environment Variables:
PATH=G:\oracledb\product\12.2.0\dbhome_1\bin;C:\Program Files (x86)\Common Files\Oracle\Java\javapath;F:\WinAvr\bin;F:\WinAvr\utils\bin;C:\Program Files\Microsoft MPI\Bin\;C:\WINDOWS\system32;C:\WINDOWS;C:\WINDOWS\System32\Wbem;C:\WINDOWS\System32\WindowsPowerShell\v1.0\;C:\WINDOWS\System32\OpenSSH\;C:\Program Files (x86)\Microsoft SQL Server\140\Tools\Binn\;C:\Program Files\Microsoft SQL Server\140\Tools\Binn\;C:\Program Files (x86)\Microsoft SQL Server\140\DTS\Binn\;C:\Program Files\Microsoft SQL Server\140\DTS\Binn\;C:\Program Files\Microsoft SQL Server\Client SDK\ODBC\130\Tools\Binn\;C:\xampp\php\;C:\ProgramData\ComposerSetup\bin;C:\Program Files\Git\cmd;G:\golang\bin;C:\Program Files (x86)\Microsoft SQL Server\150\DTS\Binn\;C:\Users\dahy9\AppData\Local\Microsoft\WindowsApps;C:\xampp\php;C:\Users\dahy9\AppData\Roaming\Composer\vendor\bin;C:\Users\dahy9\AppData\Local\GitHubDesktop\bin;C:\Users\dahy9\go\bin;G:\GoLand 2019.3.2\bin;;C:\Users\dahy9\AppData\Local\Microsoft\WindowsApps;
USERNAME=dahy9
OS=Windows_NT
PROCESSOR_IDENTIFIER=Intel64 Family 6 Model 142 Stepping 10, GenuineIntel



---------------  S Y S T E M  ---------------

OS: Windows 10.0 , 64 bit Build 18362 (10.0.18362.778)

CPU:total 8 (initial active 8) (4 cores per cpu, 2 threads per core) family 6 model 142 stepping 10, cmov, cx8, fxsr, mmx, sse, sse2, sse3, ssse3, sse4.1, sse4.2, popcnt, avx, avx2, aes, clmul, erms, 3dnowpref, lzcnt, ht, tsc, tscinvbit, bmi1, bmi2, adx

Memory: 4k page, physical 8272100k(587940k free), swap 13392100k(7984k free)

vm_info: OpenJDK 64-Bit Server VM (25.242-b01) for windows-amd64 JRE (1.8.0_242-release-1644-b01), built by "builder" with MS VC++ 10.0 (VS2010)

time: Thu Jun 04 18:37:12 2020
timezone: RTZ 4 (зима)
elapsed time: 636 seconds (0d 0h 10m 36s)

